24/05/17 09:00:46 ERROR [Lutece-MainThread] lutece.pool - Can't register JDBC driver: org.gjt.mm.mysqld.Driver
java.lang.ClassNotFoundException: org.gjt.mm.mysqld.Driver
	at java.net.URLClassLoader$1.run(URLClassLoader.java:366)
	at java.net.URLClassLoader$1.run(URLClassLoader.java:355)
	at java.security.AccessController.doPrivileged(Native Method)
	at java.net.URLClassLoader.findClass(URLClassLoader.java:354)
	at java.lang.ClassLoader.loadClass(ClassLoader.java:423)
	at sun.misc.Launcher$AppClassLoader.loadClass(Launcher.java:308)
	at java.lang.ClassLoader.loadClass(ClassLoader.java:356)
	at java.lang.Class.forName0(Native Method)
	at java.lang.Class.forName(Class.java:188)
	at fr.paris.lutece.util.pool.service.LuteceConnectionService.init(LuteceConnectionService.java:125)
	at fr.paris.lutece.util.pool.PoolManager.createPools(PoolManager.java:202)
	at fr.paris.lutece.util.pool.PoolManager.init(PoolManager.java:120)
	at fr.paris.lutece.util.pool.PoolManager.<init>(PoolManager.java:77)
	at fr.paris.lutece.util.pool.PoolManager.getInstance(PoolManager.java:92)
	at fr.paris.lutece.portal.service.database.AppConnectionService.init(AppConnectionService.java:81)
	at fr.paris.lutece.portal.service.init.AppInit.initServices(AppInit.java:150)
	at fr.paris.lutece.portal.service.init.AppInit.initServices(AppInit.java:112)
	at fr.paris.lutece.test.LuteceTestCase.setUp(LuteceTestCase.java:85)
	at junit.framework.TestCase.runBare(TestCase.java:139)
	at junit.framework.TestResult$1.protect(TestResult.java:122)
	at junit.framework.TestResult.runProtected(TestResult.java:142)
	at junit.framework.TestResult.run(TestResult.java:125)
	at junit.framework.TestCase.run(TestCase.java:129)
	at junit.framework.TestSuite.runTest(TestSuite.java:255)
	at junit.framework.TestSuite.run(TestSuite.java:250)
	at org.junit.internal.runners.JUnit38ClassRunner.run(JUnit38ClassRunner.java:84)
	at org.eclipse.jdt.internal.junit4.runner.JUnit4TestReference.run(JUnit4TestReference.java:86)
	at org.eclipse.jdt.internal.junit.runner.TestExecution.run(TestExecution.java:38)
	at org.eclipse.jdt.internal.junit.runner.RemoteTestRunner.runTests(RemoteTestRunner.java:459)
	at org.eclipse.jdt.internal.junit.runner.RemoteTestRunner.runTests(RemoteTestRunner.java:675)
	at org.eclipse.jdt.internal.junit.runner.RemoteTestRunner.run(RemoteTestRunner.java:382)
	at org.eclipse.jdt.internal.junit.runner.RemoteTestRunner.main(RemoteTestRunner.java:192)
24/05/17 09:02:44 ERROR [Lutece-MainThread] lutece.pool - Can't register JDBC driver: org.gjt.mm.mysqld.Driver
java.lang.ClassNotFoundException: org.gjt.mm.mysqld.Driver
	at java.net.URLClassLoader$1.run(URLClassLoader.java:366)
	at java.net.URLClassLoader$1.run(URLClassLoader.java:355)
	at java.security.AccessController.doPrivileged(Native Method)
	at java.net.URLClassLoader.findClass(URLClassLoader.java:354)
	at java.lang.ClassLoader.loadClass(ClassLoader.java:423)
	at sun.misc.Launcher$AppClassLoader.loadClass(Launcher.java:308)
	at java.lang.ClassLoader.loadClass(ClassLoader.java:356)
	at java.lang.Class.forName0(Native Method)
	at java.lang.Class.forName(Class.java:188)
	at fr.paris.lutece.util.pool.service.LuteceConnectionService.init(LuteceConnectionService.java:125)
	at fr.paris.lutece.util.pool.PoolManager.createPools(PoolManager.java:202)
	at fr.paris.lutece.util.pool.PoolManager.init(PoolManager.java:120)
	at fr.paris.lutece.util.pool.PoolManager.<init>(PoolManager.java:77)
	at fr.paris.lutece.util.pool.PoolManager.getInstance(PoolManager.java:92)
	at fr.paris.lutece.portal.service.database.AppConnectionService.init(AppConnectionService.java:81)
	at fr.paris.lutece.portal.service.init.AppInit.initServices(AppInit.java:150)
	at fr.paris.lutece.portal.service.init.AppInit.initServices(AppInit.java:112)
	at fr.paris.lutece.test.LuteceTestCase.setUp(LuteceTestCase.java:85)
	at junit.framework.TestCase.runBare(TestCase.java:139)
	at junit.framework.TestResult$1.protect(TestResult.java:122)
	at junit.framework.TestResult.runProtected(TestResult.java:142)
	at junit.framework.TestResult.run(TestResult.java:125)
	at junit.framework.TestCase.run(TestCase.java:129)
	at junit.framework.TestSuite.runTest(TestSuite.java:255)
	at junit.framework.TestSuite.run(TestSuite.java:250)
	at org.junit.internal.runners.JUnit38ClassRunner.run(JUnit38ClassRunner.java:84)
	at org.eclipse.jdt.internal.junit4.runner.JUnit4TestReference.run(JUnit4TestReference.java:86)
	at org.eclipse.jdt.internal.junit.runner.TestExecution.run(TestExecution.java:38)
	at org.eclipse.jdt.internal.junit.runner.RemoteTestRunner.runTests(RemoteTestRunner.java:459)
	at org.eclipse.jdt.internal.junit.runner.RemoteTestRunner.runTests(RemoteTestRunner.java:675)
	at org.eclipse.jdt.internal.junit.runner.RemoteTestRunner.run(RemoteTestRunner.java:382)
	at org.eclipse.jdt.internal.junit.runner.RemoteTestRunner.main(RemoteTestRunner.java:192)
24/05/17 09:03:34 ERROR [Lutece-MainThread] lutece.pool - Can't register JDBC driver: org.gjt.mm.mysqld.Driver
java.lang.ClassNotFoundException: org.gjt.mm.mysqld.Driver
	at java.net.URLClassLoader$1.run(URLClassLoader.java:366)
	at java.net.URLClassLoader$1.run(URLClassLoader.java:355)
	at java.security.AccessController.doPrivileged(Native Method)
	at java.net.URLClassLoader.findClass(URLClassLoader.java:354)
	at java.lang.ClassLoader.loadClass(ClassLoader.java:423)
	at sun.misc.Launcher$AppClassLoader.loadClass(Launcher.java:308)
	at java.lang.ClassLoader.loadClass(ClassLoader.java:356)
	at java.lang.Class.forName0(Native Method)
	at java.lang.Class.forName(Class.java:188)
	at fr.paris.lutece.util.pool.service.LuteceConnectionService.init(LuteceConnectionService.java:125)
	at fr.paris.lutece.util.pool.PoolManager.createPools(PoolManager.java:202)
	at fr.paris.lutece.util.pool.PoolManager.init(PoolManager.java:120)
	at fr.paris.lutece.util.pool.PoolManager.<init>(PoolManager.java:77)
	at fr.paris.lutece.util.pool.PoolManager.getInstance(PoolManager.java:92)
	at fr.paris.lutece.portal.service.database.AppConnectionService.init(AppConnectionService.java:81)
	at fr.paris.lutece.portal.service.init.AppInit.initServices(AppInit.java:150)
	at fr.paris.lutece.portal.service.init.AppInit.initServices(AppInit.java:112)
	at fr.paris.lutece.test.LuteceTestCase.setUp(LuteceTestCase.java:85)
	at junit.framework.TestCase.runBare(TestCase.java:139)
	at junit.framework.TestResult$1.protect(TestResult.java:122)
	at junit.framework.TestResult.runProtected(TestResult.java:142)
	at junit.framework.TestResult.run(TestResult.java:125)
	at junit.framework.TestCase.run(TestCase.java:129)
	at junit.framework.TestSuite.runTest(TestSuite.java:255)
	at junit.framework.TestSuite.run(TestSuite.java:250)
	at org.junit.internal.runners.JUnit38ClassRunner.run(JUnit38ClassRunner.java:84)
	at org.eclipse.jdt.internal.junit4.runner.JUnit4TestReference.run(JUnit4TestReference.java:86)
	at org.eclipse.jdt.internal.junit.runner.TestExecution.run(TestExecution.java:38)
	at org.eclipse.jdt.internal.junit.runner.RemoteTestRunner.runTests(RemoteTestRunner.java:459)
	at org.eclipse.jdt.internal.junit.runner.RemoteTestRunner.runTests(RemoteTestRunner.java:675)
	at org.eclipse.jdt.internal.junit.runner.RemoteTestRunner.run(RemoteTestRunner.java:382)
	at org.eclipse.jdt.internal.junit.runner.RemoteTestRunner.main(RemoteTestRunner.java:192)
24/05/17 09:05:05 ERROR [Lutece-MainThread] lutece.pool - Can't register JDBC driver: org.gjt.mm.mysqld.Driver
java.lang.ClassNotFoundException: org.gjt.mm.mysqld.Driver
	at java.net.URLClassLoader$1.run(URLClassLoader.java:366)
	at java.net.URLClassLoader$1.run(URLClassLoader.java:355)
	at java.security.AccessController.doPrivileged(Native Method)
	at java.net.URLClassLoader.findClass(URLClassLoader.java:354)
	at java.lang.ClassLoader.loadClass(ClassLoader.java:423)
	at sun.misc.Launcher$AppClassLoader.loadClass(Launcher.java:308)
	at java.lang.ClassLoader.loadClass(ClassLoader.java:356)
	at java.lang.Class.forName0(Native Method)
	at java.lang.Class.forName(Class.java:188)
	at fr.paris.lutece.util.pool.service.LuteceConnectionService.init(LuteceConnectionService.java:125)
	at fr.paris.lutece.util.pool.PoolManager.createPools(PoolManager.java:202)
	at fr.paris.lutece.util.pool.PoolManager.init(PoolManager.java:120)
	at fr.paris.lutece.util.pool.PoolManager.<init>(PoolManager.java:77)
	at fr.paris.lutece.util.pool.PoolManager.getInstance(PoolManager.java:92)
	at fr.paris.lutece.portal.service.database.AppConnectionService.init(AppConnectionService.java:81)
	at fr.paris.lutece.portal.service.init.AppInit.initServices(AppInit.java:150)
	at fr.paris.lutece.portal.service.init.AppInit.initServices(AppInit.java:112)
	at fr.paris.lutece.test.LuteceTestCase.setUp(LuteceTestCase.java:85)
	at junit.framework.TestCase.runBare(TestCase.java:139)
	at junit.framework.TestResult$1.protect(TestResult.java:122)
	at junit.framework.TestResult.runProtected(TestResult.java:142)
	at junit.framework.TestResult.run(TestResult.java:125)
	at junit.framework.TestCase.run(TestCase.java:129)
	at junit.framework.TestSuite.runTest(TestSuite.java:255)
	at junit.framework.TestSuite.run(TestSuite.java:250)
	at org.junit.internal.runners.JUnit38ClassRunner.run(JUnit38ClassRunner.java:84)
	at org.eclipse.jdt.internal.junit4.runner.JUnit4TestReference.run(JUnit4TestReference.java:86)
	at org.eclipse.jdt.internal.junit.runner.TestExecution.run(TestExecution.java:38)
	at org.eclipse.jdt.internal.junit.runner.RemoteTestRunner.runTests(RemoteTestRunner.java:459)
	at org.eclipse.jdt.internal.junit.runner.RemoteTestRunner.runTests(RemoteTestRunner.java:675)
	at org.eclipse.jdt.internal.junit.runner.RemoteTestRunner.run(RemoteTestRunner.java:382)
	at org.eclipse.jdt.internal.junit.runner.RemoteTestRunner.main(RemoteTestRunner.java:192)
24/05/17 09:05:26 ERROR [Lutece-MainThread] lutece.pool - Can't register JDBC driver: org.gjt.mm.mysqld.Driver
java.lang.ClassNotFoundException: org.gjt.mm.mysqld.Driver
	at java.net.URLClassLoader$1.run(URLClassLoader.java:366)
	at java.net.URLClassLoader$1.run(URLClassLoader.java:355)
	at java.security.AccessController.doPrivileged(Native Method)
	at java.net.URLClassLoader.findClass(URLClassLoader.java:354)
	at java.lang.ClassLoader.loadClass(ClassLoader.java:423)
	at sun.misc.Launcher$AppClassLoader.loadClass(Launcher.java:308)
	at java.lang.ClassLoader.loadClass(ClassLoader.java:356)
	at java.lang.Class.forName0(Native Method)
	at java.lang.Class.forName(Class.java:188)
	at fr.paris.lutece.util.pool.service.LuteceConnectionService.init(LuteceConnectionService.java:125)
	at fr.paris.lutece.util.pool.PoolManager.createPools(PoolManager.java:202)
	at fr.paris.lutece.util.pool.PoolManager.init(PoolManager.java:120)
	at fr.paris.lutece.util.pool.PoolManager.<init>(PoolManager.java:77)
	at fr.paris.lutece.util.pool.PoolManager.getInstance(PoolManager.java:92)
	at fr.paris.lutece.portal.service.database.AppConnectionService.init(AppConnectionService.java:81)
	at fr.paris.lutece.portal.service.init.AppInit.initServices(AppInit.java:150)
	at fr.paris.lutece.portal.service.init.AppInit.initServices(AppInit.java:112)
	at fr.paris.lutece.test.LuteceTestCase.setUp(LuteceTestCase.java:85)
	at junit.framework.TestCase.runBare(TestCase.java:139)
	at junit.framework.TestResult$1.protect(TestResult.java:122)
	at junit.framework.TestResult.runProtected(TestResult.java:142)
	at junit.framework.TestResult.run(TestResult.java:125)
	at junit.framework.TestCase.run(TestCase.java:129)
	at junit.framework.TestSuite.runTest(TestSuite.java:255)
	at junit.framework.TestSuite.run(TestSuite.java:250)
	at org.junit.internal.runners.JUnit38ClassRunner.run(JUnit38ClassRunner.java:84)
	at org.eclipse.jdt.internal.junit4.runner.JUnit4TestReference.run(JUnit4TestReference.java:86)
	at org.eclipse.jdt.internal.junit.runner.TestExecution.run(TestExecution.java:38)
	at org.eclipse.jdt.internal.junit.runner.RemoteTestRunner.runTests(RemoteTestRunner.java:459)
	at org.eclipse.jdt.internal.junit.runner.RemoteTestRunner.runTests(RemoteTestRunner.java:675)
	at org.eclipse.jdt.internal.junit.runner.RemoteTestRunner.run(RemoteTestRunner.java:382)
	at org.eclipse.jdt.internal.junit.runner.RemoteTestRunner.main(RemoteTestRunner.java:192)
24/05/17 09:05:59 ERROR [Lutece-MainThread] lutece.pool - Can't register JDBC driver: org.gjt.mm.mysqld.Driver
java.lang.ClassNotFoundException: org.gjt.mm.mysqld.Driver
	at java.net.URLClassLoader$1.run(URLClassLoader.java:366)
	at java.net.URLClassLoader$1.run(URLClassLoader.java:355)
	at java.security.AccessController.doPrivileged(Native Method)
	at java.net.URLClassLoader.findClass(URLClassLoader.java:354)
	at java.lang.ClassLoader.loadClass(ClassLoader.java:423)
	at sun.misc.Launcher$AppClassLoader.loadClass(Launcher.java:308)
	at java.lang.ClassLoader.loadClass(ClassLoader.java:356)
	at java.lang.Class.forName0(Native Method)
	at java.lang.Class.forName(Class.java:188)
	at fr.paris.lutece.util.pool.service.LuteceConnectionService.init(LuteceConnectionService.java:125)
	at fr.paris.lutece.util.pool.PoolManager.createPools(PoolManager.java:202)
	at fr.paris.lutece.util.pool.PoolManager.init(PoolManager.java:120)
	at fr.paris.lutece.util.pool.PoolManager.<init>(PoolManager.java:77)
	at fr.paris.lutece.util.pool.PoolManager.getInstance(PoolManager.java:92)
	at fr.paris.lutece.portal.service.database.AppConnectionService.init(AppConnectionService.java:81)
	at fr.paris.lutece.portal.service.init.AppInit.initServices(AppInit.java:150)
	at fr.paris.lutece.portal.service.init.AppInit.initServices(AppInit.java:112)
	at fr.paris.lutece.test.LuteceTestCase.setUp(LuteceTestCase.java:85)
	at junit.framework.TestCase.runBare(TestCase.java:139)
	at junit.framework.TestResult$1.protect(TestResult.java:122)
	at junit.framework.TestResult.runProtected(TestResult.java:142)
	at junit.framework.TestResult.run(TestResult.java:125)
	at junit.framework.TestCase.run(TestCase.java:129)
	at junit.framework.TestSuite.runTest(TestSuite.java:255)
	at junit.framework.TestSuite.run(TestSuite.java:250)
	at org.junit.internal.runners.JUnit38ClassRunner.run(JUnit38ClassRunner.java:84)
	at org.eclipse.jdt.internal.junit4.runner.JUnit4TestReference.run(JUnit4TestReference.java:86)
	at org.eclipse.jdt.internal.junit.runner.TestExecution.run(TestExecution.java:38)
	at org.eclipse.jdt.internal.junit.runner.RemoteTestRunner.runTests(RemoteTestRunner.java:459)
	at org.eclipse.jdt.internal.junit.runner.RemoteTestRunner.runTests(RemoteTestRunner.java:675)
	at org.eclipse.jdt.internal.junit.runner.RemoteTestRunner.run(RemoteTestRunner.java:382)
	at org.eclipse.jdt.internal.junit.runner.RemoteTestRunner.main(RemoteTestRunner.java:192)
24/05/17 09:06:25 ERROR [Lutece-MainThread] lutece.pool - Can't register JDBC driver: org.gjt.mm.mysqld.Driver
java.lang.ClassNotFoundException: org.gjt.mm.mysqld.Driver
	at java.net.URLClassLoader$1.run(URLClassLoader.java:366)
	at java.net.URLClassLoader$1.run(URLClassLoader.java:355)
	at java.security.AccessController.doPrivileged(Native Method)
	at java.net.URLClassLoader.findClass(URLClassLoader.java:354)
	at java.lang.ClassLoader.loadClass(ClassLoader.java:423)
	at sun.misc.Launcher$AppClassLoader.loadClass(Launcher.java:308)
	at java.lang.ClassLoader.loadClass(ClassLoader.java:356)
	at java.lang.Class.forName0(Native Method)
	at java.lang.Class.forName(Class.java:188)
	at fr.paris.lutece.util.pool.service.LuteceConnectionService.init(LuteceConnectionService.java:125)
	at fr.paris.lutece.util.pool.PoolManager.createPools(PoolManager.java:202)
	at fr.paris.lutece.util.pool.PoolManager.init(PoolManager.java:120)
	at fr.paris.lutece.util.pool.PoolManager.<init>(PoolManager.java:77)
	at fr.paris.lutece.util.pool.PoolManager.getInstance(PoolManager.java:92)
	at fr.paris.lutece.portal.service.database.AppConnectionService.init(AppConnectionService.java:81)
	at fr.paris.lutece.portal.service.init.AppInit.initServices(AppInit.java:150)
	at fr.paris.lutece.portal.service.init.AppInit.initServices(AppInit.java:112)
	at fr.paris.lutece.test.LuteceTestCase.setUp(LuteceTestCase.java:85)
	at junit.framework.TestCase.runBare(TestCase.java:139)
	at junit.framework.TestResult$1.protect(TestResult.java:122)
	at junit.framework.TestResult.runProtected(TestResult.java:142)
	at junit.framework.TestResult.run(TestResult.java:125)
	at junit.framework.TestCase.run(TestCase.java:129)
	at junit.framework.TestSuite.runTest(TestSuite.java:255)
	at junit.framework.TestSuite.run(TestSuite.java:250)
	at org.junit.internal.runners.JUnit38ClassRunner.run(JUnit38ClassRunner.java:84)
	at org.eclipse.jdt.internal.junit4.runner.JUnit4TestReference.run(JUnit4TestReference.java:86)
	at org.eclipse.jdt.internal.junit.runner.TestExecution.run(TestExecution.java:38)
	at org.eclipse.jdt.internal.junit.runner.RemoteTestRunner.runTests(RemoteTestRunner.java:459)
	at org.eclipse.jdt.internal.junit.runner.RemoteTestRunner.runTests(RemoteTestRunner.java:675)
	at org.eclipse.jdt.internal.junit.runner.RemoteTestRunner.run(RemoteTestRunner.java:382)
	at org.eclipse.jdt.internal.junit.runner.RemoteTestRunner.main(RemoteTestRunner.java:192)
24/05/17 09:06:38 ERROR [Lutece-MainThread] lutece.pool - Can't register JDBC driver: org.gjt.mm.mysqld.Driver
java.lang.ClassNotFoundException: org.gjt.mm.mysqld.Driver
	at java.net.URLClassLoader$1.run(URLClassLoader.java:366)
	at java.net.URLClassLoader$1.run(URLClassLoader.java:355)
	at java.security.AccessController.doPrivileged(Native Method)
	at java.net.URLClassLoader.findClass(URLClassLoader.java:354)
	at java.lang.ClassLoader.loadClass(ClassLoader.java:423)
	at sun.misc.Launcher$AppClassLoader.loadClass(Launcher.java:308)
	at java.lang.ClassLoader.loadClass(ClassLoader.java:356)
	at java.lang.Class.forName0(Native Method)
	at java.lang.Class.forName(Class.java:188)
	at fr.paris.lutece.util.pool.service.LuteceConnectionService.init(LuteceConnectionService.java:125)
	at fr.paris.lutece.util.pool.PoolManager.createPools(PoolManager.java:202)
	at fr.paris.lutece.util.pool.PoolManager.init(PoolManager.java:120)
	at fr.paris.lutece.util.pool.PoolManager.<init>(PoolManager.java:77)
	at fr.paris.lutece.util.pool.PoolManager.getInstance(PoolManager.java:92)
	at fr.paris.lutece.portal.service.database.AppConnectionService.init(AppConnectionService.java:81)
	at fr.paris.lutece.portal.service.init.AppInit.initServices(AppInit.java:150)
	at fr.paris.lutece.portal.service.init.AppInit.initServices(AppInit.java:112)
	at fr.paris.lutece.test.LuteceTestCase.setUp(LuteceTestCase.java:85)
	at junit.framework.TestCase.runBare(TestCase.java:139)
	at junit.framework.TestResult$1.protect(TestResult.java:122)
	at junit.framework.TestResult.runProtected(TestResult.java:142)
	at junit.framework.TestResult.run(TestResult.java:125)
	at junit.framework.TestCase.run(TestCase.java:129)
	at junit.framework.TestSuite.runTest(TestSuite.java:255)
	at junit.framework.TestSuite.run(TestSuite.java:250)
	at org.junit.internal.runners.JUnit38ClassRunner.run(JUnit38ClassRunner.java:84)
	at org.eclipse.jdt.internal.junit4.runner.JUnit4TestReference.run(JUnit4TestReference.java:86)
	at org.eclipse.jdt.internal.junit.runner.TestExecution.run(TestExecution.java:38)
	at org.eclipse.jdt.internal.junit.runner.RemoteTestRunner.runTests(RemoteTestRunner.java:459)
	at org.eclipse.jdt.internal.junit.runner.RemoteTestRunner.runTests(RemoteTestRunner.java:675)
	at org.eclipse.jdt.internal.junit.runner.RemoteTestRunner.run(RemoteTestRunner.java:382)
	at org.eclipse.jdt.internal.junit.runner.RemoteTestRunner.main(RemoteTestRunner.java:192)
24/05/17 09:06:50 ERROR [Lutece-MainThread] lutece.pool - Can't register JDBC driver: org.gjt.mm.mysqld.Driver
java.lang.ClassNotFoundException: org.gjt.mm.mysqld.Driver
	at java.net.URLClassLoader$1.run(URLClassLoader.java:366)
	at java.net.URLClassLoader$1.run(URLClassLoader.java:355)
	at java.security.AccessController.doPrivileged(Native Method)
	at java.net.URLClassLoader.findClass(URLClassLoader.java:354)
	at java.lang.ClassLoader.loadClass(ClassLoader.java:423)
	at sun.misc.Launcher$AppClassLoader.loadClass(Launcher.java:308)
	at java.lang.ClassLoader.loadClass(ClassLoader.java:356)
	at java.lang.Class.forName0(Native Method)
	at java.lang.Class.forName(Class.java:188)
	at fr.paris.lutece.util.pool.service.LuteceConnectionService.init(LuteceConnectionService.java:125)
	at fr.paris.lutece.util.pool.PoolManager.createPools(PoolManager.java:202)
	at fr.paris.lutece.util.pool.PoolManager.init(PoolManager.java:120)
	at fr.paris.lutece.util.pool.PoolManager.<init>(PoolManager.java:77)
	at fr.paris.lutece.util.pool.PoolManager.getInstance(PoolManager.java:92)
	at fr.paris.lutece.portal.service.database.AppConnectionService.init(AppConnectionService.java:81)
	at fr.paris.lutece.portal.service.init.AppInit.initServices(AppInit.java:150)
	at fr.paris.lutece.portal.service.init.AppInit.initServices(AppInit.java:112)
	at fr.paris.lutece.test.LuteceTestCase.setUp(LuteceTestCase.java:85)
	at junit.framework.TestCase.runBare(TestCase.java:139)
	at junit.framework.TestResult$1.protect(TestResult.java:122)
	at junit.framework.TestResult.runProtected(TestResult.java:142)
	at junit.framework.TestResult.run(TestResult.java:125)
	at junit.framework.TestCase.run(TestCase.java:129)
	at junit.framework.TestSuite.runTest(TestSuite.java:255)
	at junit.framework.TestSuite.run(TestSuite.java:250)
	at org.junit.internal.runners.JUnit38ClassRunner.run(JUnit38ClassRunner.java:84)
	at org.eclipse.jdt.internal.junit4.runner.JUnit4TestReference.run(JUnit4TestReference.java:86)
	at org.eclipse.jdt.internal.junit.runner.TestExecution.run(TestExecution.java:38)
	at org.eclipse.jdt.internal.junit.runner.RemoteTestRunner.runTests(RemoteTestRunner.java:459)
	at org.eclipse.jdt.internal.junit.runner.RemoteTestRunner.runTests(RemoteTestRunner.java:675)
	at org.eclipse.jdt.internal.junit.runner.RemoteTestRunner.run(RemoteTestRunner.java:382)
	at org.eclipse.jdt.internal.junit.runner.RemoteTestRunner.main(RemoteTestRunner.java:192)
24/05/17 09:07:04 ERROR [Lutece-MainThread] lutece.pool - Can't register JDBC driver: org.gjt.mm.mysqld.Driver
java.lang.ClassNotFoundException: org.gjt.mm.mysqld.Driver
	at java.net.URLClassLoader$1.run(URLClassLoader.java:366)
	at java.net.URLClassLoader$1.run(URLClassLoader.java:355)
	at java.security.AccessController.doPrivileged(Native Method)
	at java.net.URLClassLoader.findClass(URLClassLoader.java:354)
	at java.lang.ClassLoader.loadClass(ClassLoader.java:423)
	at sun.misc.Launcher$AppClassLoader.loadClass(Launcher.java:308)
	at java.lang.ClassLoader.loadClass(ClassLoader.java:356)
	at java.lang.Class.forName0(Native Method)
	at java.lang.Class.forName(Class.java:188)
	at fr.paris.lutece.util.pool.service.LuteceConnectionService.init(LuteceConnectionService.java:125)
	at fr.paris.lutece.util.pool.PoolManager.createPools(PoolManager.java:202)
	at fr.paris.lutece.util.pool.PoolManager.init(PoolManager.java:120)
	at fr.paris.lutece.util.pool.PoolManager.<init>(PoolManager.java:77)
	at fr.paris.lutece.util.pool.PoolManager.getInstance(PoolManager.java:92)
	at fr.paris.lutece.portal.service.database.AppConnectionService.init(AppConnectionService.java:81)
	at fr.paris.lutece.portal.service.init.AppInit.initServices(AppInit.java:150)
	at fr.paris.lutece.portal.service.init.AppInit.initServices(AppInit.java:112)
	at fr.paris.lutece.test.LuteceTestCase.setUp(LuteceTestCase.java:85)
	at junit.framework.TestCase.runBare(TestCase.java:139)
	at junit.framework.TestResult$1.protect(TestResult.java:122)
	at junit.framework.TestResult.runProtected(TestResult.java:142)
	at junit.framework.TestResult.run(TestResult.java:125)
	at junit.framework.TestCase.run(TestCase.java:129)
	at junit.framework.TestSuite.runTest(TestSuite.java:255)
	at junit.framework.TestSuite.run(TestSuite.java:250)
	at org.junit.internal.runners.JUnit38ClassRunner.run(JUnit38ClassRunner.java:84)
	at org.eclipse.jdt.internal.junit4.runner.JUnit4TestReference.run(JUnit4TestReference.java:86)
	at org.eclipse.jdt.internal.junit.runner.TestExecution.run(TestExecution.java:38)
	at org.eclipse.jdt.internal.junit.runner.RemoteTestRunner.runTests(RemoteTestRunner.java:459)
	at org.eclipse.jdt.internal.junit.runner.RemoteTestRunner.runTests(RemoteTestRunner.java:675)
	at org.eclipse.jdt.internal.junit.runner.RemoteTestRunner.run(RemoteTestRunner.java:382)
	at org.eclipse.jdt.internal.junit.runner.RemoteTestRunner.main(RemoteTestRunner.java:192)
24/05/17 09:07:22 ERROR [Lutece-MainThread] lutece.pool - Can't register JDBC driver: org.gjt.mm.mysqld.Driver
java.lang.ClassNotFoundException: org.gjt.mm.mysqld.Driver
	at java.net.URLClassLoader$1.run(URLClassLoader.java:366)
	at java.net.URLClassLoader$1.run(URLClassLoader.java:355)
	at java.security.AccessController.doPrivileged(Native Method)
	at java.net.URLClassLoader.findClass(URLClassLoader.java:354)
	at java.lang.ClassLoader.loadClass(ClassLoader.java:423)
	at sun.misc.Launcher$AppClassLoader.loadClass(Launcher.java:308)
	at java.lang.ClassLoader.loadClass(ClassLoader.java:356)
	at java.lang.Class.forName0(Native Method)
	at java.lang.Class.forName(Class.java:188)
	at fr.paris.lutece.util.pool.service.LuteceConnectionService.init(LuteceConnectionService.java:125)
	at fr.paris.lutece.util.pool.PoolManager.createPools(PoolManager.java:202)
	at fr.paris.lutece.util.pool.PoolManager.init(PoolManager.java:120)
	at fr.paris.lutece.util.pool.PoolManager.<init>(PoolManager.java:77)
	at fr.paris.lutece.util.pool.PoolManager.getInstance(PoolManager.java:92)
	at fr.paris.lutece.portal.service.database.AppConnectionService.init(AppConnectionService.java:81)
	at fr.paris.lutece.portal.service.init.AppInit.initServices(AppInit.java:150)
	at fr.paris.lutece.portal.service.init.AppInit.initServices(AppInit.java:112)
	at fr.paris.lutece.test.LuteceTestCase.setUp(LuteceTestCase.java:85)
	at junit.framework.TestCase.runBare(TestCase.java:139)
	at junit.framework.TestResult$1.protect(TestResult.java:122)
	at junit.framework.TestResult.runProtected(TestResult.java:142)
	at junit.framework.TestResult.run(TestResult.java:125)
	at junit.framework.TestCase.run(TestCase.java:129)
	at junit.framework.TestSuite.runTest(TestSuite.java:255)
	at junit.framework.TestSuite.run(TestSuite.java:250)
	at junit.framework.TestSuite.runTest(TestSuite.java:255)
	at junit.framework.TestSuite.run(TestSuite.java:250)
	at org.junit.internal.runners.JUnit38ClassRunner.run(JUnit38ClassRunner.java:84)
	at org.eclipse.jdt.internal.junit4.runner.JUnit4TestReference.run(JUnit4TestReference.java:86)
	at org.eclipse.jdt.internal.junit.runner.TestExecution.run(TestExecution.java:38)
	at org.eclipse.jdt.internal.junit.runner.RemoteTestRunner.runTests(RemoteTestRunner.java:459)
	at org.eclipse.jdt.internal.junit.runner.RemoteTestRunner.runTests(RemoteTestRunner.java:675)
	at org.eclipse.jdt.internal.junit.runner.RemoteTestRunner.run(RemoteTestRunner.java:382)
	at org.eclipse.jdt.internal.junit.runner.RemoteTestRunner.main(RemoteTestRunner.java:192)
24/05/17 09:10:26 ERROR [Lutece-MainThread] lutece.pool - Can't register JDBC driver: org.gjt.mm.mysqld.Driver
java.lang.ClassNotFoundException: org.gjt.mm.mysqld.Driver
	at java.net.URLClassLoader$1.run(URLClassLoader.java:366)
	at java.net.URLClassLoader$1.run(URLClassLoader.java:355)
	at java.security.AccessController.doPrivileged(Native Method)
	at java.net.URLClassLoader.findClass(URLClassLoader.java:354)
	at java.lang.ClassLoader.loadClass(ClassLoader.java:423)
	at sun.misc.Launcher$AppClassLoader.loadClass(Launcher.java:308)
	at java.lang.ClassLoader.loadClass(ClassLoader.java:356)
	at java.lang.Class.forName0(Native Method)
	at java.lang.Class.forName(Class.java:188)
	at fr.paris.lutece.util.pool.service.LuteceConnectionService.init(LuteceConnectionService.java:125)
	at fr.paris.lutece.util.pool.PoolManager.createPools(PoolManager.java:202)
	at fr.paris.lutece.util.pool.PoolManager.init(PoolManager.java:120)
	at fr.paris.lutece.util.pool.PoolManager.<init>(PoolManager.java:77)
	at fr.paris.lutece.util.pool.PoolManager.getInstance(PoolManager.java:92)
	at fr.paris.lutece.portal.service.database.AppConnectionService.init(AppConnectionService.java:81)
	at fr.paris.lutece.portal.service.init.AppInit.initServices(AppInit.java:150)
	at fr.paris.lutece.portal.service.init.AppInit.initServices(AppInit.java:112)
	at fr.paris.lutece.test.LuteceTestCase.setUp(LuteceTestCase.java:85)
	at junit.framework.TestCase.runBare(TestCase.java:139)
	at junit.framework.TestResult$1.protect(TestResult.java:122)
	at junit.framework.TestResult.runProtected(TestResult.java:142)
	at junit.framework.TestResult.run(TestResult.java:125)
	at junit.framework.TestCase.run(TestCase.java:129)
	at junit.framework.TestSuite.runTest(TestSuite.java:255)
	at junit.framework.TestSuite.run(TestSuite.java:250)
	at junit.framework.TestSuite.runTest(TestSuite.java:255)
	at junit.framework.TestSuite.run(TestSuite.java:250)
	at org.junit.internal.runners.JUnit38ClassRunner.run(JUnit38ClassRunner.java:84)
	at org.eclipse.jdt.internal.junit4.runner.JUnit4TestReference.run(JUnit4TestReference.java:86)
	at org.eclipse.jdt.internal.junit.runner.TestExecution.run(TestExecution.java:38)
	at org.eclipse.jdt.internal.junit.runner.RemoteTestRunner.runTests(RemoteTestRunner.java:459)
	at org.eclipse.jdt.internal.junit.runner.RemoteTestRunner.runTests(RemoteTestRunner.java:675)
	at org.eclipse.jdt.internal.junit.runner.RemoteTestRunner.run(RemoteTestRunner.java:382)
	at org.eclipse.jdt.internal.junit.runner.RemoteTestRunner.main(RemoteTestRunner.java:192)
24/05/17 09:10:39 ERROR [Lutece-MainThread] lutece.pool - Can't register JDBC driver: org.gjt.mm.mysqld.Driver
java.lang.ClassNotFoundException: org.gjt.mm.mysqld.Driver
	at java.net.URLClassLoader$1.run(URLClassLoader.java:366)
	at java.net.URLClassLoader$1.run(URLClassLoader.java:355)
	at java.security.AccessController.doPrivileged(Native Method)
	at java.net.URLClassLoader.findClass(URLClassLoader.java:354)
	at java.lang.ClassLoader.loadClass(ClassLoader.java:423)
	at sun.misc.Launcher$AppClassLoader.loadClass(Launcher.java:308)
	at java.lang.ClassLoader.loadClass(ClassLoader.java:356)
	at java.lang.Class.forName0(Native Method)
	at java.lang.Class.forName(Class.java:188)
	at fr.paris.lutece.util.pool.service.LuteceConnectionService.init(LuteceConnectionService.java:125)
	at fr.paris.lutece.util.pool.PoolManager.createPools(PoolManager.java:202)
	at fr.paris.lutece.util.pool.PoolManager.init(PoolManager.java:120)
	at fr.paris.lutece.util.pool.PoolManager.<init>(PoolManager.java:77)
	at fr.paris.lutece.util.pool.PoolManager.getInstance(PoolManager.java:92)
	at fr.paris.lutece.portal.service.database.AppConnectionService.init(AppConnectionService.java:81)
	at fr.paris.lutece.portal.service.init.AppInit.initServices(AppInit.java:150)
	at fr.paris.lutece.portal.service.init.AppInit.initServices(AppInit.java:112)
	at fr.paris.lutece.test.LuteceTestCase.setUp(LuteceTestCase.java:85)
	at junit.framework.TestCase.runBare(TestCase.java:139)
	at junit.framework.TestResult$1.protect(TestResult.java:122)
	at junit.framework.TestResult.runProtected(TestResult.java:142)
	at junit.framework.TestResult.run(TestResult.java:125)
	at junit.framework.TestCase.run(TestCase.java:129)
	at junit.framework.TestSuite.runTest(TestSuite.java:255)
	at junit.framework.TestSuite.run(TestSuite.java:250)
	at junit.framework.TestSuite.runTest(TestSuite.java:255)
	at junit.framework.TestSuite.run(TestSuite.java:250)
	at org.junit.internal.runners.JUnit38ClassRunner.run(JUnit38ClassRunner.java:84)
	at org.eclipse.jdt.internal.junit4.runner.JUnit4TestReference.run(JUnit4TestReference.java:86)
	at org.eclipse.jdt.internal.junit.runner.TestExecution.run(TestExecution.java:38)
	at org.eclipse.jdt.internal.junit.runner.RemoteTestRunner.runTests(RemoteTestRunner.java:459)
	at org.eclipse.jdt.internal.junit.runner.RemoteTestRunner.runTests(RemoteTestRunner.java:675)
	at org.eclipse.jdt.internal.junit.runner.RemoteTestRunner.run(RemoteTestRunner.java:382)
	at org.eclipse.jdt.internal.junit.runner.RemoteTestRunner.main(RemoteTestRunner.java:192)
24/05/17 09:11:15 ERROR [Lutece-MainThread] lutece.pool - Can't register JDBC driver: org.gjt.mm.mysqld.Driver
java.lang.ClassNotFoundException: org.gjt.mm.mysqld.Driver
	at java.net.URLClassLoader$1.run(URLClassLoader.java:366)
	at java.net.URLClassLoader$1.run(URLClassLoader.java:355)
	at java.security.AccessController.doPrivileged(Native Method)
	at java.net.URLClassLoader.findClass(URLClassLoader.java:354)
	at java.lang.ClassLoader.loadClass(ClassLoader.java:423)
	at sun.misc.Launcher$AppClassLoader.loadClass(Launcher.java:308)
	at java.lang.ClassLoader.loadClass(ClassLoader.java:356)
	at java.lang.Class.forName0(Native Method)
	at java.lang.Class.forName(Class.java:188)
	at fr.paris.lutece.util.pool.service.LuteceConnectionService.init(LuteceConnectionService.java:125)
	at fr.paris.lutece.util.pool.PoolManager.createPools(PoolManager.java:202)
	at fr.paris.lutece.util.pool.PoolManager.init(PoolManager.java:120)
	at fr.paris.lutece.util.pool.PoolManager.<init>(PoolManager.java:77)
	at fr.paris.lutece.util.pool.PoolManager.getInstance(PoolManager.java:92)
	at fr.paris.lutece.portal.service.database.AppConnectionService.init(AppConnectionService.java:81)
	at fr.paris.lutece.portal.service.init.AppInit.initServices(AppInit.java:150)
	at fr.paris.lutece.portal.service.init.AppInit.initServices(AppInit.java:112)
	at fr.paris.lutece.test.LuteceTestCase.setUp(LuteceTestCase.java:85)
	at junit.framework.TestCase.runBare(TestCase.java:139)
	at junit.framework.TestResult$1.protect(TestResult.java:122)
	at junit.framework.TestResult.runProtected(TestResult.java:142)
	at junit.framework.TestResult.run(TestResult.java:125)
	at junit.framework.TestCase.run(TestCase.java:129)
	at junit.framework.TestSuite.runTest(TestSuite.java:255)
	at junit.framework.TestSuite.run(TestSuite.java:250)
	at org.junit.internal.runners.JUnit38ClassRunner.run(JUnit38ClassRunner.java:84)
	at org.apache.maven.surefire.junit4.JUnit4Provider.execute(JUnit4Provider.java:264)
	at org.apache.maven.surefire.junit4.JUnit4Provider.executeTestSet(JUnit4Provider.java:153)
	at org.apache.maven.surefire.junit4.JUnit4Provider.invoke(JUnit4Provider.java:124)
	at org.apache.maven.surefire.booter.ForkedBooter.invokeProviderInSameClassLoader(ForkedBooter.java:200)
	at org.apache.maven.surefire.booter.ForkedBooter.runSuitesInProcess(ForkedBooter.java:153)
	at org.apache.maven.surefire.booter.ForkedBooter.main(ForkedBooter.java:103)
24/05/17 09:12:17 ERROR [Lutece-MainThread] lutece.pool - Can't register JDBC driver: org.gjt.mm.mysqld.Driver
java.lang.ClassNotFoundException: org.gjt.mm.mysqld.Driver
	at java.net.URLClassLoader$1.run(URLClassLoader.java:366)
	at java.net.URLClassLoader$1.run(URLClassLoader.java:355)
	at java.security.AccessController.doPrivileged(Native Method)
	at java.net.URLClassLoader.findClass(URLClassLoader.java:354)
	at java.lang.ClassLoader.loadClass(ClassLoader.java:423)
	at sun.misc.Launcher$AppClassLoader.loadClass(Launcher.java:308)
	at java.lang.ClassLoader.loadClass(ClassLoader.java:356)
	at java.lang.Class.forName0(Native Method)
	at java.lang.Class.forName(Class.java:188)
	at fr.paris.lutece.util.pool.service.LuteceConnectionService.init(LuteceConnectionService.java:125)
	at fr.paris.lutece.util.pool.PoolManager.createPools(PoolManager.java:202)
	at fr.paris.lutece.util.pool.PoolManager.init(PoolManager.java:120)
	at fr.paris.lutece.util.pool.PoolManager.<init>(PoolManager.java:77)
	at fr.paris.lutece.util.pool.PoolManager.getInstance(PoolManager.java:92)
	at fr.paris.lutece.portal.service.database.AppConnectionService.init(AppConnectionService.java:81)
	at fr.paris.lutece.portal.service.init.AppInit.initServices(AppInit.java:150)
	at fr.paris.lutece.portal.service.init.AppInit.initServices(AppInit.java:112)
	at fr.paris.lutece.test.LuteceTestCase.setUp(LuteceTestCase.java:85)
	at junit.framework.TestCase.runBare(TestCase.java:139)
	at junit.framework.TestResult$1.protect(TestResult.java:122)
	at junit.framework.TestResult.runProtected(TestResult.java:142)
	at junit.framework.TestResult.run(TestResult.java:125)
	at junit.framework.TestCase.run(TestCase.java:129)
	at junit.framework.TestSuite.runTest(TestSuite.java:255)
	at junit.framework.TestSuite.run(TestSuite.java:250)
	at junit.framework.TestSuite.runTest(TestSuite.java:255)
	at junit.framework.TestSuite.run(TestSuite.java:250)
	at org.junit.internal.runners.JUnit38ClassRunner.run(JUnit38ClassRunner.java:84)
	at org.eclipse.jdt.internal.junit4.runner.JUnit4TestReference.run(JUnit4TestReference.java:86)
	at org.eclipse.jdt.internal.junit.runner.TestExecution.run(TestExecution.java:38)
	at org.eclipse.jdt.internal.junit.runner.RemoteTestRunner.runTests(RemoteTestRunner.java:459)
	at org.eclipse.jdt.internal.junit.runner.RemoteTestRunner.runTests(RemoteTestRunner.java:675)
	at org.eclipse.jdt.internal.junit.runner.RemoteTestRunner.run(RemoteTestRunner.java:382)
	at org.eclipse.jdt.internal.junit.runner.RemoteTestRunner.main(RemoteTestRunner.java:192)
24/05/17 09:14:10 ERROR [Lutece-MainThread] lutece.pool - Can't register JDBC driver: org.gjt.mm.mysqld.Driver
java.lang.ClassNotFoundException: org.gjt.mm.mysqld.Driver
	at java.net.URLClassLoader$1.run(URLClassLoader.java:366)
	at java.net.URLClassLoader$1.run(URLClassLoader.java:355)
	at java.security.AccessController.doPrivileged(Native Method)
	at java.net.URLClassLoader.findClass(URLClassLoader.java:354)
	at java.lang.ClassLoader.loadClass(ClassLoader.java:423)
	at sun.misc.Launcher$AppClassLoader.loadClass(Launcher.java:308)
	at java.lang.ClassLoader.loadClass(ClassLoader.java:356)
	at java.lang.Class.forName0(Native Method)
	at java.lang.Class.forName(Class.java:188)
	at fr.paris.lutece.util.pool.service.LuteceConnectionService.init(LuteceConnectionService.java:125)
	at fr.paris.lutece.util.pool.PoolManager.createPools(PoolManager.java:202)
	at fr.paris.lutece.util.pool.PoolManager.init(PoolManager.java:120)
	at fr.paris.lutece.util.pool.PoolManager.<init>(PoolManager.java:77)
	at fr.paris.lutece.util.pool.PoolManager.getInstance(PoolManager.java:92)
	at fr.paris.lutece.portal.service.database.AppConnectionService.init(AppConnectionService.java:81)
	at fr.paris.lutece.portal.service.init.AppInit.initServices(AppInit.java:150)
	at fr.paris.lutece.portal.service.init.AppInit.initServices(AppInit.java:112)
	at fr.paris.lutece.test.LuteceTestCase.setUp(LuteceTestCase.java:85)
	at junit.framework.TestCase.runBare(TestCase.java:139)
	at junit.framework.TestResult$1.protect(TestResult.java:122)
	at junit.framework.TestResult.runProtected(TestResult.java:142)
	at junit.framework.TestResult.run(TestResult.java:125)
	at junit.framework.TestCase.run(TestCase.java:129)
	at junit.framework.TestSuite.runTest(TestSuite.java:255)
	at junit.framework.TestSuite.run(TestSuite.java:250)
	at org.junit.internal.runners.JUnit38ClassRunner.run(JUnit38ClassRunner.java:84)
	at org.apache.maven.surefire.junit4.JUnit4Provider.execute(JUnit4Provider.java:264)
	at org.apache.maven.surefire.junit4.JUnit4Provider.executeTestSet(JUnit4Provider.java:153)
	at org.apache.maven.surefire.junit4.JUnit4Provider.invoke(JUnit4Provider.java:124)
	at org.apache.maven.surefire.booter.ForkedBooter.invokeProviderInSameClassLoader(ForkedBooter.java:200)
	at org.apache.maven.surefire.booter.ForkedBooter.runSuitesInProcess(ForkedBooter.java:153)
	at org.apache.maven.surefire.booter.ForkedBooter.main(ForkedBooter.java:103)
24/05/17 09:15:30 ERROR [Lutece-MainThread] lutece.pool - Can't register JDBC driver: org.gjt.mm.mysqld.Driver
java.lang.ClassNotFoundException: org.gjt.mm.mysqld.Driver
	at java.net.URLClassLoader$1.run(URLClassLoader.java:366)
	at java.net.URLClassLoader$1.run(URLClassLoader.java:355)
	at java.security.AccessController.doPrivileged(Native Method)
	at java.net.URLClassLoader.findClass(URLClassLoader.java:354)
	at java.lang.ClassLoader.loadClass(ClassLoader.java:423)
	at sun.misc.Launcher$AppClassLoader.loadClass(Launcher.java:308)
	at java.lang.ClassLoader.loadClass(ClassLoader.java:356)
	at java.lang.Class.forName0(Native Method)
	at java.lang.Class.forName(Class.java:188)
	at fr.paris.lutece.util.pool.service.LuteceConnectionService.init(LuteceConnectionService.java:125)
	at fr.paris.lutece.util.pool.PoolManager.createPools(PoolManager.java:202)
	at fr.paris.lutece.util.pool.PoolManager.init(PoolManager.java:120)
	at fr.paris.lutece.util.pool.PoolManager.<init>(PoolManager.java:77)
	at fr.paris.lutece.util.pool.PoolManager.getInstance(PoolManager.java:92)
	at fr.paris.lutece.portal.service.database.AppConnectionService.init(AppConnectionService.java:81)
	at fr.paris.lutece.portal.service.init.AppInit.initServices(AppInit.java:150)
	at fr.paris.lutece.portal.service.init.AppInit.initServices(AppInit.java:112)
	at fr.paris.lutece.test.LuteceTestCase.setUp(LuteceTestCase.java:85)
	at junit.framework.TestCase.runBare(TestCase.java:139)
	at junit.framework.TestResult$1.protect(TestResult.java:122)
	at junit.framework.TestResult.runProtected(TestResult.java:142)
	at junit.framework.TestResult.run(TestResult.java:125)
	at junit.framework.TestCase.run(TestCase.java:129)
	at junit.framework.TestSuite.runTest(TestSuite.java:255)
	at junit.framework.TestSuite.run(TestSuite.java:250)
	at org.junit.internal.runners.JUnit38ClassRunner.run(JUnit38ClassRunner.java:84)
	at org.apache.maven.surefire.junit4.JUnit4Provider.execute(JUnit4Provider.java:264)
	at org.apache.maven.surefire.junit4.JUnit4Provider.executeTestSet(JUnit4Provider.java:153)
	at org.apache.maven.surefire.junit4.JUnit4Provider.invoke(JUnit4Provider.java:124)
	at org.apache.maven.surefire.booter.ForkedBooter.invokeProviderInSameClassLoader(ForkedBooter.java:200)
	at org.apache.maven.surefire.booter.ForkedBooter.runSuitesInProcess(ForkedBooter.java:153)
	at org.apache.maven.surefire.booter.ForkedBooter.main(ForkedBooter.java:103)
24/05/17 09:20:37 ERROR [Lutece-MainThread] lutece.pool - Can't register JDBC driver: org.gjt.mm.mysqld.Driver
java.lang.ClassNotFoundException: org.gjt.mm.mysqld.Driver
	at java.net.URLClassLoader$1.run(URLClassLoader.java:366)
	at java.net.URLClassLoader$1.run(URLClassLoader.java:355)
	at java.security.AccessController.doPrivileged(Native Method)
	at java.net.URLClassLoader.findClass(URLClassLoader.java:354)
	at java.lang.ClassLoader.loadClass(ClassLoader.java:423)
	at sun.misc.Launcher$AppClassLoader.loadClass(Launcher.java:308)
	at java.lang.ClassLoader.loadClass(ClassLoader.java:356)
	at java.lang.Class.forName0(Native Method)
	at java.lang.Class.forName(Class.java:188)
	at fr.paris.lutece.util.pool.service.LuteceConnectionService.init(LuteceConnectionService.java:125)
	at fr.paris.lutece.util.pool.PoolManager.createPools(PoolManager.java:202)
	at fr.paris.lutece.util.pool.PoolManager.init(PoolManager.java:120)
	at fr.paris.lutece.util.pool.PoolManager.<init>(PoolManager.java:77)
	at fr.paris.lutece.util.pool.PoolManager.getInstance(PoolManager.java:92)
	at fr.paris.lutece.portal.service.database.AppConnectionService.init(AppConnectionService.java:81)
	at fr.paris.lutece.portal.service.init.AppInit.initServices(AppInit.java:150)
	at fr.paris.lutece.portal.service.init.AppInit.initServices(AppInit.java:112)
	at fr.paris.lutece.test.LuteceTestCase.setUp(LuteceTestCase.java:85)
	at junit.framework.TestCase.runBare(TestCase.java:139)
	at junit.framework.TestResult$1.protect(TestResult.java:122)
	at junit.framework.TestResult.runProtected(TestResult.java:142)
	at junit.framework.TestResult.run(TestResult.java:125)
	at junit.framework.TestCase.run(TestCase.java:129)
	at junit.framework.TestSuite.runTest(TestSuite.java:255)
	at junit.framework.TestSuite.run(TestSuite.java:250)
	at org.junit.internal.runners.JUnit38ClassRunner.run(JUnit38ClassRunner.java:84)
	at org.apache.maven.surefire.junit4.JUnit4Provider.execute(JUnit4Provider.java:264)
	at org.apache.maven.surefire.junit4.JUnit4Provider.executeTestSet(JUnit4Provider.java:153)
	at org.apache.maven.surefire.junit4.JUnit4Provider.invoke(JUnit4Provider.java:124)
	at org.apache.maven.surefire.booter.ForkedBooter.invokeProviderInSameClassLoader(ForkedBooter.java:200)
	at org.apache.maven.surefire.booter.ForkedBooter.runSuitesInProcess(ForkedBooter.java:153)
	at org.apache.maven.surefire.booter.ForkedBooter.main(ForkedBooter.java:103)
24/05/17 09:28:17 ERROR [Lutece-MainThread] lutece.pool - Can't register JDBC driver: org.gjt.mm.mysqld.Driver
java.lang.ClassNotFoundException: org.gjt.mm.mysqld.Driver
	at java.net.URLClassLoader$1.run(URLClassLoader.java:366)
	at java.net.URLClassLoader$1.run(URLClassLoader.java:355)
	at java.security.AccessController.doPrivileged(Native Method)
	at java.net.URLClassLoader.findClass(URLClassLoader.java:354)
	at java.lang.ClassLoader.loadClass(ClassLoader.java:423)
	at sun.misc.Launcher$AppClassLoader.loadClass(Launcher.java:308)
	at java.lang.ClassLoader.loadClass(ClassLoader.java:356)
	at java.lang.Class.forName0(Native Method)
	at java.lang.Class.forName(Class.java:188)
	at fr.paris.lutece.util.pool.service.LuteceConnectionService.init(LuteceConnectionService.java:125)
	at fr.paris.lutece.util.pool.PoolManager.createPools(PoolManager.java:202)
	at fr.paris.lutece.util.pool.PoolManager.init(PoolManager.java:120)
	at fr.paris.lutece.util.pool.PoolManager.<init>(PoolManager.java:77)
	at fr.paris.lutece.util.pool.PoolManager.getInstance(PoolManager.java:92)
	at fr.paris.lutece.portal.service.database.AppConnectionService.init(AppConnectionService.java:81)
	at fr.paris.lutece.portal.service.init.AppInit.initServices(AppInit.java:150)
	at fr.paris.lutece.portal.service.init.AppInit.initServices(AppInit.java:112)
	at fr.paris.lutece.test.LuteceTestCase.setUp(LuteceTestCase.java:85)
	at junit.framework.TestCase.runBare(TestCase.java:139)
	at junit.framework.TestResult$1.protect(TestResult.java:122)
	at junit.framework.TestResult.runProtected(TestResult.java:142)
	at junit.framework.TestResult.run(TestResult.java:125)
	at junit.framework.TestCase.run(TestCase.java:129)
	at junit.framework.TestSuite.runTest(TestSuite.java:255)
	at junit.framework.TestSuite.run(TestSuite.java:250)
	at org.junit.internal.runners.JUnit38ClassRunner.run(JUnit38ClassRunner.java:84)
	at org.apache.maven.surefire.junit4.JUnit4Provider.execute(JUnit4Provider.java:264)
	at org.apache.maven.surefire.junit4.JUnit4Provider.executeTestSet(JUnit4Provider.java:153)
	at org.apache.maven.surefire.junit4.JUnit4Provider.invoke(JUnit4Provider.java:124)
	at org.apache.maven.surefire.booter.ForkedBooter.invokeProviderInSameClassLoader(ForkedBooter.java:200)
	at org.apache.maven.surefire.booter.ForkedBooter.runSuitesInProcess(ForkedBooter.java:153)
	at org.apache.maven.surefire.booter.ForkedBooter.main(ForkedBooter.java:103)
24/05/17 09:30:00 ERROR [Lutece-MainThread] lutece.pool - Can't register JDBC driver: org.gjt.mm.mysqld.Driver
java.lang.ClassNotFoundException: org.gjt.mm.mysqld.Driver
	at java.net.URLClassLoader$1.run(URLClassLoader.java:366)
	at java.net.URLClassLoader$1.run(URLClassLoader.java:355)
	at java.security.AccessController.doPrivileged(Native Method)
	at java.net.URLClassLoader.findClass(URLClassLoader.java:354)
	at java.lang.ClassLoader.loadClass(ClassLoader.java:423)
	at sun.misc.Launcher$AppClassLoader.loadClass(Launcher.java:308)
	at java.lang.ClassLoader.loadClass(ClassLoader.java:356)
	at java.lang.Class.forName0(Native Method)
	at java.lang.Class.forName(Class.java:188)
	at fr.paris.lutece.util.pool.service.LuteceConnectionService.init(LuteceConnectionService.java:125)
	at fr.paris.lutece.util.pool.PoolManager.createPools(PoolManager.java:202)
	at fr.paris.lutece.util.pool.PoolManager.init(PoolManager.java:120)
	at fr.paris.lutece.util.pool.PoolManager.<init>(PoolManager.java:77)
	at fr.paris.lutece.util.pool.PoolManager.getInstance(PoolManager.java:92)
	at fr.paris.lutece.portal.service.database.AppConnectionService.init(AppConnectionService.java:81)
	at fr.paris.lutece.portal.service.init.AppInit.initServices(AppInit.java:150)
	at fr.paris.lutece.portal.service.init.AppInit.initServices(AppInit.java:112)
	at fr.paris.lutece.test.LuteceTestCase.setUp(LuteceTestCase.java:85)
	at junit.framework.TestCase.runBare(TestCase.java:139)
	at junit.framework.TestResult$1.protect(TestResult.java:122)
	at junit.framework.TestResult.runProtected(TestResult.java:142)
	at junit.framework.TestResult.run(TestResult.java:125)
	at junit.framework.TestCase.run(TestCase.java:129)
	at junit.framework.TestSuite.runTest(TestSuite.java:255)
	at junit.framework.TestSuite.run(TestSuite.java:250)
	at junit.framework.TestSuite.runTest(TestSuite.java:255)
	at junit.framework.TestSuite.run(TestSuite.java:250)
	at org.junit.internal.runners.JUnit38ClassRunner.run(JUnit38ClassRunner.java:84)
	at org.eclipse.jdt.internal.junit4.runner.JUnit4TestReference.run(JUnit4TestReference.java:86)
	at org.eclipse.jdt.internal.junit.runner.TestExecution.run(TestExecution.java:38)
	at org.eclipse.jdt.internal.junit.runner.RemoteTestRunner.runTests(RemoteTestRunner.java:459)
	at org.eclipse.jdt.internal.junit.runner.RemoteTestRunner.runTests(RemoteTestRunner.java:675)
	at org.eclipse.jdt.internal.junit.runner.RemoteTestRunner.run(RemoteTestRunner.java:382)
	at org.eclipse.jdt.internal.junit.runner.RemoteTestRunner.main(RemoteTestRunner.java:192)
24/05/17 09:30:28 ERROR [Lutece-MainThread] lutece.pool - Can't register JDBC driver: org.gjt.mm.mysqld.Driver
java.lang.ClassNotFoundException: org.gjt.mm.mysqld.Driver
	at java.net.URLClassLoader$1.run(URLClassLoader.java:366)
	at java.net.URLClassLoader$1.run(URLClassLoader.java:355)
	at java.security.AccessController.doPrivileged(Native Method)
	at java.net.URLClassLoader.findClass(URLClassLoader.java:354)
	at java.lang.ClassLoader.loadClass(ClassLoader.java:423)
	at sun.misc.Launcher$AppClassLoader.loadClass(Launcher.java:308)
	at java.lang.ClassLoader.loadClass(ClassLoader.java:356)
	at java.lang.Class.forName0(Native Method)
	at java.lang.Class.forName(Class.java:188)
	at fr.paris.lutece.util.pool.service.LuteceConnectionService.init(LuteceConnectionService.java:125)
	at fr.paris.lutece.util.pool.PoolManager.createPools(PoolManager.java:202)
	at fr.paris.lutece.util.pool.PoolManager.init(PoolManager.java:120)
	at fr.paris.lutece.util.pool.PoolManager.<init>(PoolManager.java:77)
	at fr.paris.lutece.util.pool.PoolManager.getInstance(PoolManager.java:92)
	at fr.paris.lutece.portal.service.database.AppConnectionService.init(AppConnectionService.java:81)
	at fr.paris.lutece.portal.service.init.AppInit.initServices(AppInit.java:150)
	at fr.paris.lutece.portal.service.init.AppInit.initServices(AppInit.java:112)
	at fr.paris.lutece.test.LuteceTestCase.setUp(LuteceTestCase.java:85)
	at junit.framework.TestCase.runBare(TestCase.java:139)
	at junit.framework.TestResult$1.protect(TestResult.java:122)
	at junit.framework.TestResult.runProtected(TestResult.java:142)
	at junit.framework.TestResult.run(TestResult.java:125)
	at junit.framework.TestCase.run(TestCase.java:129)
	at junit.framework.TestSuite.runTest(TestSuite.java:255)
	at junit.framework.TestSuite.run(TestSuite.java:250)
	at org.junit.internal.runners.JUnit38ClassRunner.run(JUnit38ClassRunner.java:84)
	at org.apache.maven.surefire.junit4.JUnit4Provider.execute(JUnit4Provider.java:264)
	at org.apache.maven.surefire.junit4.JUnit4Provider.executeTestSet(JUnit4Provider.java:153)
	at org.apache.maven.surefire.junit4.JUnit4Provider.invoke(JUnit4Provider.java:124)
	at org.apache.maven.surefire.booter.ForkedBooter.invokeProviderInSameClassLoader(ForkedBooter.java:200)
	at org.apache.maven.surefire.booter.ForkedBooter.runSuitesInProcess(ForkedBooter.java:153)
	at org.apache.maven.surefire.booter.ForkedBooter.main(ForkedBooter.java:103)
24/05/17 09:32:21 ERROR [Lutece-MainThread] lutece.pool - Can't register JDBC driver: org.gjt.mm.mysqld.Driver
java.lang.ClassNotFoundException: org.gjt.mm.mysqld.Driver
	at java.net.URLClassLoader$1.run(URLClassLoader.java:366)
	at java.net.URLClassLoader$1.run(URLClassLoader.java:355)
	at java.security.AccessController.doPrivileged(Native Method)
	at java.net.URLClassLoader.findClass(URLClassLoader.java:354)
	at java.lang.ClassLoader.loadClass(ClassLoader.java:423)
	at sun.misc.Launcher$AppClassLoader.loadClass(Launcher.java:308)
	at java.lang.ClassLoader.loadClass(ClassLoader.java:356)
	at java.lang.Class.forName0(Native Method)
	at java.lang.Class.forName(Class.java:188)
	at fr.paris.lutece.util.pool.service.LuteceConnectionService.init(LuteceConnectionService.java:125)
	at fr.paris.lutece.util.pool.PoolManager.createPools(PoolManager.java:202)
	at fr.paris.lutece.util.pool.PoolManager.init(PoolManager.java:120)
	at fr.paris.lutece.util.pool.PoolManager.<init>(PoolManager.java:77)
	at fr.paris.lutece.util.pool.PoolManager.getInstance(PoolManager.java:92)
	at fr.paris.lutece.portal.service.database.AppConnectionService.init(AppConnectionService.java:81)
	at fr.paris.lutece.portal.service.init.AppInit.initServices(AppInit.java:150)
	at fr.paris.lutece.portal.service.init.AppInit.initServices(AppInit.java:112)
	at fr.paris.lutece.test.LuteceTestCase.setUp(LuteceTestCase.java:85)
	at junit.framework.TestCase.runBare(TestCase.java:139)
	at junit.framework.TestResult$1.protect(TestResult.java:122)
	at junit.framework.TestResult.runProtected(TestResult.java:142)
	at junit.framework.TestResult.run(TestResult.java:125)
	at junit.framework.TestCase.run(TestCase.java:129)
	at junit.framework.TestSuite.runTest(TestSuite.java:255)
	at junit.framework.TestSuite.run(TestSuite.java:250)
	at org.junit.internal.runners.JUnit38ClassRunner.run(JUnit38ClassRunner.java:84)
	at org.apache.maven.surefire.junit4.JUnit4Provider.execute(JUnit4Provider.java:264)
	at org.apache.maven.surefire.junit4.JUnit4Provider.executeTestSet(JUnit4Provider.java:153)
	at org.apache.maven.surefire.junit4.JUnit4Provider.invoke(JUnit4Provider.java:124)
	at org.apache.maven.surefire.booter.ForkedBooter.invokeProviderInSameClassLoader(ForkedBooter.java:200)
	at org.apache.maven.surefire.booter.ForkedBooter.runSuitesInProcess(ForkedBooter.java:153)
	at org.apache.maven.surefire.booter.ForkedBooter.main(ForkedBooter.java:103)
24/05/17 10:25:15 ERROR [Lutece-MainThread] lutece.pool - Can't register JDBC driver: org.gjt.mm.mysqld.Driver
java.lang.ClassNotFoundException: org.gjt.mm.mysqld.Driver
	at java.net.URLClassLoader$1.run(URLClassLoader.java:366)
	at java.net.URLClassLoader$1.run(URLClassLoader.java:355)
	at java.security.AccessController.doPrivileged(Native Method)
	at java.net.URLClassLoader.findClass(URLClassLoader.java:354)
	at java.lang.ClassLoader.loadClass(ClassLoader.java:423)
	at sun.misc.Launcher$AppClassLoader.loadClass(Launcher.java:308)
	at java.lang.ClassLoader.loadClass(ClassLoader.java:356)
	at java.lang.Class.forName0(Native Method)
	at java.lang.Class.forName(Class.java:188)
	at fr.paris.lutece.util.pool.service.LuteceConnectionService.init(LuteceConnectionService.java:125)
	at fr.paris.lutece.util.pool.PoolManager.createPools(PoolManager.java:202)
	at fr.paris.lutece.util.pool.PoolManager.init(PoolManager.java:120)
	at fr.paris.lutece.util.pool.PoolManager.<init>(PoolManager.java:77)
	at fr.paris.lutece.util.pool.PoolManager.getInstance(PoolManager.java:92)
	at fr.paris.lutece.portal.service.database.AppConnectionService.init(AppConnectionService.java:81)
	at fr.paris.lutece.portal.service.init.AppInit.initServices(AppInit.java:150)
	at fr.paris.lutece.portal.service.init.AppInit.initServices(AppInit.java:112)
	at fr.paris.lutece.test.LuteceTestCase.setUp(LuteceTestCase.java:85)
	at junit.framework.TestCase.runBare(TestCase.java:139)
	at junit.framework.TestResult$1.protect(TestResult.java:122)
	at junit.framework.TestResult.runProtected(TestResult.java:142)
	at junit.framework.TestResult.run(TestResult.java:125)
	at junit.framework.TestCase.run(TestCase.java:129)
	at junit.framework.TestSuite.runTest(TestSuite.java:255)
	at junit.framework.TestSuite.run(TestSuite.java:250)
	at org.junit.internal.runners.JUnit38ClassRunner.run(JUnit38ClassRunner.java:84)
	at org.apache.maven.surefire.junit4.JUnit4Provider.execute(JUnit4Provider.java:264)
	at org.apache.maven.surefire.junit4.JUnit4Provider.executeTestSet(JUnit4Provider.java:153)
	at org.apache.maven.surefire.junit4.JUnit4Provider.invoke(JUnit4Provider.java:124)
	at org.apache.maven.surefire.booter.ForkedBooter.invokeProviderInSameClassLoader(ForkedBooter.java:200)
	at org.apache.maven.surefire.booter.ForkedBooter.runSuitesInProcess(ForkedBooter.java:153)
	at org.apache.maven.surefire.booter.ForkedBooter.main(ForkedBooter.java:103)
24/05/17 10:33:47 ERROR [Lutece-MainThread] lutece.pool - Can't register JDBC driver: org.gjt.mm.mysqld.Driver
java.lang.ClassNotFoundException: org.gjt.mm.mysqld.Driver
	at java.net.URLClassLoader$1.run(URLClassLoader.java:366)
	at java.net.URLClassLoader$1.run(URLClassLoader.java:355)
	at java.security.AccessController.doPrivileged(Native Method)
	at java.net.URLClassLoader.findClass(URLClassLoader.java:354)
	at java.lang.ClassLoader.loadClass(ClassLoader.java:423)
	at sun.misc.Launcher$AppClassLoader.loadClass(Launcher.java:308)
	at java.lang.ClassLoader.loadClass(ClassLoader.java:356)
	at java.lang.Class.forName0(Native Method)
	at java.lang.Class.forName(Class.java:188)
	at fr.paris.lutece.util.pool.service.LuteceConnectionService.init(LuteceConnectionService.java:125)
	at fr.paris.lutece.util.pool.PoolManager.createPools(PoolManager.java:202)
	at fr.paris.lutece.util.pool.PoolManager.init(PoolManager.java:120)
	at fr.paris.lutece.util.pool.PoolManager.<init>(PoolManager.java:77)
	at fr.paris.lutece.util.pool.PoolManager.getInstance(PoolManager.java:92)
	at fr.paris.lutece.portal.service.database.AppConnectionService.init(AppConnectionService.java:81)
	at fr.paris.lutece.portal.service.init.AppInit.initServices(AppInit.java:150)
	at fr.paris.lutece.portal.service.init.AppInit.initServices(AppInit.java:112)
	at fr.paris.lutece.test.LuteceTestCase.setUp(LuteceTestCase.java:85)
	at junit.framework.TestCase.runBare(TestCase.java:139)
	at junit.framework.TestResult$1.protect(TestResult.java:122)
	at junit.framework.TestResult.runProtected(TestResult.java:142)
	at junit.framework.TestResult.run(TestResult.java:125)
	at junit.framework.TestCase.run(TestCase.java:129)
	at junit.framework.TestSuite.runTest(TestSuite.java:255)
	at junit.framework.TestSuite.run(TestSuite.java:250)
	at org.junit.internal.runners.JUnit38ClassRunner.run(JUnit38ClassRunner.java:84)
	at org.apache.maven.surefire.junit4.JUnit4Provider.execute(JUnit4Provider.java:264)
	at org.apache.maven.surefire.junit4.JUnit4Provider.executeTestSet(JUnit4Provider.java:153)
	at org.apache.maven.surefire.junit4.JUnit4Provider.invoke(JUnit4Provider.java:124)
	at org.apache.maven.surefire.booter.ForkedBooter.invokeProviderInSameClassLoader(ForkedBooter.java:200)
	at org.apache.maven.surefire.booter.ForkedBooter.runSuitesInProcess(ForkedBooter.java:153)
	at org.apache.maven.surefire.booter.ForkedBooter.main(ForkedBooter.java:103)
24/05/17 10:38:43 ERROR [Lutece-MainThread] lutece.pool - Can't register JDBC driver: org.gjt.mm.mysqld.Driver
java.lang.ClassNotFoundException: org.gjt.mm.mysqld.Driver
	at java.net.URLClassLoader$1.run(URLClassLoader.java:366)
	at java.net.URLClassLoader$1.run(URLClassLoader.java:355)
	at java.security.AccessController.doPrivileged(Native Method)
	at java.net.URLClassLoader.findClass(URLClassLoader.java:354)
	at java.lang.ClassLoader.loadClass(ClassLoader.java:423)
	at sun.misc.Launcher$AppClassLoader.loadClass(Launcher.java:308)
	at java.lang.ClassLoader.loadClass(ClassLoader.java:356)
	at java.lang.Class.forName0(Native Method)
	at java.lang.Class.forName(Class.java:188)
	at fr.paris.lutece.util.pool.service.LuteceConnectionService.init(LuteceConnectionService.java:125)
	at fr.paris.lutece.util.pool.PoolManager.createPools(PoolManager.java:202)
	at fr.paris.lutece.util.pool.PoolManager.init(PoolManager.java:120)
	at fr.paris.lutece.util.pool.PoolManager.<init>(PoolManager.java:77)
	at fr.paris.lutece.util.pool.PoolManager.getInstance(PoolManager.java:92)
	at fr.paris.lutece.portal.service.database.AppConnectionService.init(AppConnectionService.java:81)
	at fr.paris.lutece.portal.service.init.AppInit.initServices(AppInit.java:150)
	at fr.paris.lutece.portal.service.init.AppInit.initServices(AppInit.java:112)
	at fr.paris.lutece.test.LuteceTestCase.setUp(LuteceTestCase.java:85)
	at junit.framework.TestCase.runBare(TestCase.java:139)
	at junit.framework.TestResult$1.protect(TestResult.java:122)
	at junit.framework.TestResult.runProtected(TestResult.java:142)
	at junit.framework.TestResult.run(TestResult.java:125)
	at junit.framework.TestCase.run(TestCase.java:129)
	at junit.framework.TestSuite.runTest(TestSuite.java:255)
	at junit.framework.TestSuite.run(TestSuite.java:250)
	at junit.framework.TestSuite.runTest(TestSuite.java:255)
	at junit.framework.TestSuite.run(TestSuite.java:250)
	at org.junit.internal.runners.JUnit38ClassRunner.run(JUnit38ClassRunner.java:84)
	at org.eclipse.jdt.internal.junit4.runner.JUnit4TestReference.run(JUnit4TestReference.java:86)
	at org.eclipse.jdt.internal.junit.runner.TestExecution.run(TestExecution.java:38)
	at org.eclipse.jdt.internal.junit.runner.RemoteTestRunner.runTests(RemoteTestRunner.java:459)
	at org.eclipse.jdt.internal.junit.runner.RemoteTestRunner.runTests(RemoteTestRunner.java:675)
	at org.eclipse.jdt.internal.junit.runner.RemoteTestRunner.run(RemoteTestRunner.java:382)
	at org.eclipse.jdt.internal.junit.runner.RemoteTestRunner.main(RemoteTestRunner.java:192)
24/05/17 10:39:01 ERROR [Lutece-MainThread] lutece.pool - Can't register JDBC driver: org.gjt.mm.mysqld.Driver
java.lang.ClassNotFoundException: org.gjt.mm.mysqld.Driver
	at java.net.URLClassLoader$1.run(URLClassLoader.java:366)
	at java.net.URLClassLoader$1.run(URLClassLoader.java:355)
	at java.security.AccessController.doPrivileged(Native Method)
	at java.net.URLClassLoader.findClass(URLClassLoader.java:354)
	at java.lang.ClassLoader.loadClass(ClassLoader.java:423)
	at sun.misc.Launcher$AppClassLoader.loadClass(Launcher.java:308)
	at java.lang.ClassLoader.loadClass(ClassLoader.java:356)
	at java.lang.Class.forName0(Native Method)
	at java.lang.Class.forName(Class.java:188)
	at fr.paris.lutece.util.pool.service.LuteceConnectionService.init(LuteceConnectionService.java:125)
	at fr.paris.lutece.util.pool.PoolManager.createPools(PoolManager.java:202)
	at fr.paris.lutece.util.pool.PoolManager.init(PoolManager.java:120)
	at fr.paris.lutece.util.pool.PoolManager.<init>(PoolManager.java:77)
	at fr.paris.lutece.util.pool.PoolManager.getInstance(PoolManager.java:92)
	at fr.paris.lutece.portal.service.database.AppConnectionService.init(AppConnectionService.java:81)
	at fr.paris.lutece.portal.service.init.AppInit.initServices(AppInit.java:150)
	at fr.paris.lutece.portal.service.init.AppInit.initServices(AppInit.java:112)
	at fr.paris.lutece.test.LuteceTestCase.setUp(LuteceTestCase.java:85)
	at junit.framework.TestCase.runBare(TestCase.java:139)
	at junit.framework.TestResult$1.protect(TestResult.java:122)
	at junit.framework.TestResult.runProtected(TestResult.java:142)
	at junit.framework.TestResult.run(TestResult.java:125)
	at junit.framework.TestCase.run(TestCase.java:129)
	at junit.framework.TestSuite.runTest(TestSuite.java:255)
	at junit.framework.TestSuite.run(TestSuite.java:250)
	at junit.framework.TestSuite.runTest(TestSuite.java:255)
	at junit.framework.TestSuite.run(TestSuite.java:250)
	at org.junit.internal.runners.JUnit38ClassRunner.run(JUnit38ClassRunner.java:84)
	at org.eclipse.jdt.internal.junit4.runner.JUnit4TestReference.run(JUnit4TestReference.java:86)
	at org.eclipse.jdt.internal.junit.runner.TestExecution.run(TestExecution.java:38)
	at org.eclipse.jdt.internal.junit.runner.RemoteTestRunner.runTests(RemoteTestRunner.java:459)
	at org.eclipse.jdt.internal.junit.runner.RemoteTestRunner.runTests(RemoteTestRunner.java:675)
	at org.eclipse.jdt.internal.junit.runner.RemoteTestRunner.run(RemoteTestRunner.java:382)
	at org.eclipse.jdt.internal.junit.runner.RemoteTestRunner.main(RemoteTestRunner.java:192)
24/05/17 16:12:31 ERROR [Lutece-MainThread] lutece.pool - Can't register JDBC driver: org.gjt.mm.mysqld.Driver
java.lang.ClassNotFoundException: org.gjt.mm.mysqld.Driver
	at java.net.URLClassLoader$1.run(URLClassLoader.java:366)
	at java.net.URLClassLoader$1.run(URLClassLoader.java:355)
	at java.security.AccessController.doPrivileged(Native Method)
	at java.net.URLClassLoader.findClass(URLClassLoader.java:354)
	at java.lang.ClassLoader.loadClass(ClassLoader.java:423)
	at sun.misc.Launcher$AppClassLoader.loadClass(Launcher.java:308)
	at java.lang.ClassLoader.loadClass(ClassLoader.java:356)
	at java.lang.Class.forName0(Native Method)
	at java.lang.Class.forName(Class.java:188)
	at fr.paris.lutece.util.pool.service.LuteceConnectionService.init(LuteceConnectionService.java:125)
	at fr.paris.lutece.util.pool.PoolManager.createPools(PoolManager.java:202)
	at fr.paris.lutece.util.pool.PoolManager.init(PoolManager.java:120)
	at fr.paris.lutece.util.pool.PoolManager.<init>(PoolManager.java:77)
	at fr.paris.lutece.util.pool.PoolManager.getInstance(PoolManager.java:92)
	at fr.paris.lutece.portal.service.database.AppConnectionService.init(AppConnectionService.java:81)
	at fr.paris.lutece.portal.service.init.AppInit.initServices(AppInit.java:150)
	at fr.paris.lutece.portal.service.init.AppInit.initServices(AppInit.java:112)
	at fr.paris.lutece.test.LuteceTestCase.setUp(LuteceTestCase.java:85)
	at junit.framework.TestCase.runBare(TestCase.java:139)
	at junit.framework.TestResult$1.protect(TestResult.java:122)
	at junit.framework.TestResult.runProtected(TestResult.java:142)
	at junit.framework.TestResult.run(TestResult.java:125)
	at junit.framework.TestCase.run(TestCase.java:129)
	at junit.framework.TestSuite.runTest(TestSuite.java:255)
	at junit.framework.TestSuite.run(TestSuite.java:250)
	at junit.framework.TestSuite.runTest(TestSuite.java:255)
	at junit.framework.TestSuite.run(TestSuite.java:250)
	at junit.framework.TestSuite.runTest(TestSuite.java:255)
	at junit.framework.TestSuite.run(TestSuite.java:250)
	at org.junit.internal.runners.JUnit38ClassRunner.run(JUnit38ClassRunner.java:84)
	at org.eclipse.jdt.internal.junit4.runner.JUnit4TestReference.run(JUnit4TestReference.java:86)
	at org.eclipse.jdt.internal.junit.runner.TestExecution.run(TestExecution.java:38)
	at org.eclipse.jdt.internal.junit.runner.RemoteTestRunner.runTests(RemoteTestRunner.java:459)
	at org.eclipse.jdt.internal.junit.runner.RemoteTestRunner.runTests(RemoteTestRunner.java:675)
	at org.eclipse.jdt.internal.junit.runner.RemoteTestRunner.run(RemoteTestRunner.java:382)
	at org.eclipse.jdt.internal.junit.runner.RemoteTestRunner.main(RemoteTestRunner.java:192)
